CRITICAL - 2021-03-05 03:38:34 --> file_get_contents(): php_network_getaddresses: getaddrinfo failed: nodename nor servname provided, or not known
#0 [internal function]: CodeIgniter\Debug\Exceptions->errorHandler(2, 'file_get_conten...', '/Applications/X...', 140, Array)
#1 /Applications/XAMPP/xamppfiles/htdocs/belanegara-frontend/app/Models/HomeModel.php(140): file_get_contents('https://api.jad...', false, Resource id #115)
#2 /Applications/XAMPP/xamppfiles/htdocs/belanegara-frontend/app/Controllers/Home.php(43): App\Models\HomeModel->getHighlight('THFWVkdwZG8vWCs...')
#3 /Applications/XAMPP/xamppfiles/htdocs/belanegara-frontend/vendor/codeigniter4/framework/system/CodeIgniter.php(920): App\Controllers\Home->index()
#4 /Applications/XAMPP/xamppfiles/htdocs/belanegara-frontend/vendor/codeigniter4/framework/system/CodeIgniter.php(406): CodeIgniter\CodeIgniter->runController(Object(App\Controllers\Home))
#5 /Applications/XAMPP/xamppfiles/htdocs/belanegara-frontend/vendor/codeigniter4/framework/system/CodeIgniter.php(314): CodeIgniter\CodeIgniter->handleRequest(NULL, Object(Config\Cache), false)
#6 /Applications/XAMPP/xamppfiles/htdocs/belanegara-frontend/index.php(46): CodeIgniter\CodeIgniter->run()
#7 {main}
CRITICAL - 2021-03-05 03:41:55 --> file_get_contents(): SSL: Handshake timed out
#0 [internal function]: CodeIgniter\Debug\Exceptions->errorHandler(2, 'file_get_conten...', '/Applications/X...', 140, Array)
#1 /Applications/XAMPP/xamppfiles/htdocs/belanegara-frontend/app/Models/HomeModel.php(140): file_get_contents('https://api.jad...', false, Resource id #115)
#2 /Applications/XAMPP/xamppfiles/htdocs/belanegara-frontend/app/Controllers/Home.php(43): App\Models\HomeModel->getHighlight('U3NadkZsN1hRQ1R...')
#3 /Applications/XAMPP/xamppfiles/htdocs/belanegara-frontend/vendor/codeigniter4/framework/system/CodeIgniter.php(920): App\Controllers\Home->index()
#4 /Applications/XAMPP/xamppfiles/htdocs/belanegara-frontend/vendor/codeigniter4/framework/system/CodeIgniter.php(406): CodeIgniter\CodeIgniter->runController(Object(App\Controllers\Home))
#5 /Applications/XAMPP/xamppfiles/htdocs/belanegara-frontend/vendor/codeigniter4/framework/system/CodeIgniter.php(314): CodeIgniter\CodeIgniter->handleRequest(NULL, Object(Config\Cache), false)
#6 /Applications/XAMPP/xamppfiles/htdocs/belanegara-frontend/index.php(46): CodeIgniter\CodeIgniter->run()
#7 {main}
CRITICAL - 2021-03-05 03:42:59 --> file_get_contents(https://api.jadipandai.com/belanegara-backend/getData/highlight): failed to open stream: Operation timed out
#0 [internal function]: CodeIgniter\Debug\Exceptions->errorHandler(2, 'file_get_conten...', '/Applications/X...', 140, Array)
#1 /Applications/XAMPP/xamppfiles/htdocs/belanegara-frontend/app/Models/HomeModel.php(140): file_get_contents('https://api.jad...', false, Resource id #115)
#2 /Applications/XAMPP/xamppfiles/htdocs/belanegara-frontend/app/Controllers/Home.php(43): App\Models\HomeModel->getHighlight('SVFUTWQ0M2llUWl...')
#3 /Applications/XAMPP/xamppfiles/htdocs/belanegara-frontend/vendor/codeigniter4/framework/system/CodeIgniter.php(920): App\Controllers\Home->index()
#4 /Applications/XAMPP/xamppfiles/htdocs/belanegara-frontend/vendor/codeigniter4/framework/system/CodeIgniter.php(406): CodeIgniter\CodeIgniter->runController(Object(App\Controllers\Home))
#5 /Applications/XAMPP/xamppfiles/htdocs/belanegara-frontend/vendor/codeigniter4/framework/system/CodeIgniter.php(314): CodeIgniter\CodeIgniter->handleRequest(NULL, Object(Config\Cache), false)
#6 /Applications/XAMPP/xamppfiles/htdocs/belanegara-frontend/index.php(46): CodeIgniter\CodeIgniter->run()
#7 {main}
