CRITICAL - 2021-02-18 08:06:49 --> file_get_contents(https://api.jadipandai.com/belanegara-backend/getData/highlight): failed to open stream: HTTP request failed!
#0 [internal function]: CodeIgniter\Debug\Exceptions->errorHandler(2, 'file_get_conten...', '/Applications/X...', 140, Array)
#1 /Applications/XAMPP/xamppfiles/htdocs/belanegara-frontend/app/Models/HomeModel.php(140): file_get_contents('https://api.jad...', false, Resource id #117)
#2 /Applications/XAMPP/xamppfiles/htdocs/belanegara-frontend/app/Controllers/Home.php(43): App\Models\HomeModel->getHighlight('VURUTC9uandhOUp...')
#3 /Applications/XAMPP/xamppfiles/htdocs/belanegara-frontend/vendor/codeigniter4/framework/system/CodeIgniter.php(920): App\Controllers\Home->index()
#4 /Applications/XAMPP/xamppfiles/htdocs/belanegara-frontend/vendor/codeigniter4/framework/system/CodeIgniter.php(406): CodeIgniter\CodeIgniter->runController(Object(App\Controllers\Home))
#5 /Applications/XAMPP/xamppfiles/htdocs/belanegara-frontend/vendor/codeigniter4/framework/system/CodeIgniter.php(314): CodeIgniter\CodeIgniter->handleRequest(NULL, Object(Config\Cache), false)
#6 /Applications/XAMPP/xamppfiles/htdocs/belanegara-frontend/index.php(46): CodeIgniter\CodeIgniter->run()
#7 {main}
CRITICAL - 2021-02-18 08:09:18 --> {0} : {1}
#0 /Applications/XAMPP/xamppfiles/htdocs/belanegara-frontend/vendor/codeigniter4/framework/system/HTTP/CURLRequest.php(821): CodeIgniter\HTTP\Exceptions\HTTPException::forCurlError('35', 'Unknown SSL pro...')
#1 /Applications/XAMPP/xamppfiles/htdocs/belanegara-frontend/vendor/codeigniter4/framework/system/HTTP/CURLRequest.php(449): CodeIgniter\HTTP\CURLRequest->sendRequest(Array)
#2 /Applications/XAMPP/xamppfiles/htdocs/belanegara-frontend/vendor/codeigniter4/framework/system/HTTP/CURLRequest.php(158): CodeIgniter\HTTP\CURLRequest->send('POST', 'https://api.jad...')
#3 /Applications/XAMPP/xamppfiles/htdocs/belanegara-frontend/app/Models/BaseModel.php(17): CodeIgniter\HTTP\CURLRequest->request('POST', 'https://api.jad...', Array)
#4 /Applications/XAMPP/xamppfiles/htdocs/belanegara-frontend/app/Models/ContentModel.php(17): App\Models\BaseModel->request('POST', '/belanegara-bac...', Array)
#5 /Applications/XAMPP/xamppfiles/htdocs/belanegara-frontend/app/Controllers/Content.php(102): App\Models\ContentModel->process(Array, 'gallerinesia')
#6 /Applications/XAMPP/xamppfiles/htdocs/belanegara-frontend/app/Controllers/Content.php(22): App\Controllers\Content->getList('komik')
#7 /Applications/XAMPP/xamppfiles/htdocs/belanegara-frontend/vendor/codeigniter4/framework/system/CodeIgniter.php(920): App\Controllers\Content->page('komik')
#8 /Applications/XAMPP/xamppfiles/htdocs/belanegara-frontend/vendor/codeigniter4/framework/system/CodeIgniter.php(406): CodeIgniter\CodeIgniter->runController(Object(App\Controllers\Content))
#9 /Applications/XAMPP/xamppfiles/htdocs/belanegara-frontend/vendor/codeigniter4/framework/system/CodeIgniter.php(314): CodeIgniter\CodeIgniter->handleRequest(NULL, Object(Config\Cache), false)
#10 /Applications/XAMPP/xamppfiles/htdocs/belanegara-frontend/index.php(46): CodeIgniter\CodeIgniter->run()
#11 {main}
