CRITICAL - 2021-04-04 07:07:16 --> Uncaught ErrorException: include(): Filename cannot be empty in /Applications/XAMPP/xamppfiles/htdocs/KN-landing/vendor/codeigniter4/framework/system/Debug/Exceptions.php:308
Stack trace:
#0 /Applications/XAMPP/xamppfiles/htdocs/KN-landing/vendor/codeigniter4/framework/system/Debug/Exceptions.php(308): CodeIgniter\Debug\Exceptions->errorHandler(2, 'include(): File...', '/Applications/X...', 308, Array)
#1 /Applications/XAMPP/xamppfiles/htdocs/KN-landing/vendor/codeigniter4/framework/system/Debug/Exceptions.php(308): include()
#2 /Applications/XAMPP/xamppfiles/htdocs/KN-landing/vendor/codeigniter4/framework/system/Debug/Exceptions.php(174): CodeIgniter\Debug\Exceptions->render(Object(CodeIgniter\Exceptions\PageNotFoundException), 404)
#3 [internal function]: CodeIgniter\Debug\Exceptions->exceptionHandler(Object(CodeIgniter\Exceptions\PageNotFoundException))
#4 {main}
  thrown
#0 [internal function]: CodeIgniter\Debug\Exceptions->shutdownHandler()
#1 {main}
CRITICAL - 2021-04-04 07:08:09 --> Uncaught ErrorException: include(): Filename cannot be empty in /Applications/XAMPP/xamppfiles/htdocs/KN-landing/vendor/codeigniter4/framework/system/Debug/Exceptions.php:308
Stack trace:
#0 /Applications/XAMPP/xamppfiles/htdocs/KN-landing/vendor/codeigniter4/framework/system/Debug/Exceptions.php(308): CodeIgniter\Debug\Exceptions->errorHandler(2, 'include(): File...', '/Applications/X...', 308, Array)
#1 /Applications/XAMPP/xamppfiles/htdocs/KN-landing/vendor/codeigniter4/framework/system/Debug/Exceptions.php(308): include()
#2 /Applications/XAMPP/xamppfiles/htdocs/KN-landing/vendor/codeigniter4/framework/system/Debug/Exceptions.php(174): CodeIgniter\Debug\Exceptions->render(Object(CodeIgniter\Exceptions\PageNotFoundException), 404)
#3 [internal function]: CodeIgniter\Debug\Exceptions->exceptionHandler(Object(CodeIgniter\Exceptions\PageNotFoundException))
#4 {main}
  thrown
#0 [internal function]: CodeIgniter\Debug\Exceptions->shutdownHandler()
#1 {main}
CRITICAL - 2021-04-04 07:08:44 --> Uncaught ErrorException: include(): Filename cannot be empty in /Applications/XAMPP/xamppfiles/htdocs/KN-landing/vendor/codeigniter4/framework/system/Debug/Exceptions.php:308
Stack trace:
#0 /Applications/XAMPP/xamppfiles/htdocs/KN-landing/vendor/codeigniter4/framework/system/Debug/Exceptions.php(308): CodeIgniter\Debug\Exceptions->errorHandler(2, 'include(): File...', '/Applications/X...', 308, Array)
#1 /Applications/XAMPP/xamppfiles/htdocs/KN-landing/vendor/codeigniter4/framework/system/Debug/Exceptions.php(308): include()
#2 /Applications/XAMPP/xamppfiles/htdocs/KN-landing/vendor/codeigniter4/framework/system/Debug/Exceptions.php(174): CodeIgniter\Debug\Exceptions->render(Object(CodeIgniter\Exceptions\PageNotFoundException), 404)
#3 [internal function]: CodeIgniter\Debug\Exceptions->exceptionHandler(Object(CodeIgniter\Exceptions\PageNotFoundException))
#4 {main}
  thrown
#0 [internal function]: CodeIgniter\Debug\Exceptions->shutdownHandler()
#1 {main}
CRITICAL - 2021-04-04 08:16:45 --> Uncaught ErrorException: include(): Filename cannot be empty in /Applications/XAMPP/xamppfiles/htdocs/KN-landing/vendor/codeigniter4/framework/system/Debug/Exceptions.php:308
Stack trace:
#0 /Applications/XAMPP/xamppfiles/htdocs/KN-landing/vendor/codeigniter4/framework/system/Debug/Exceptions.php(308): CodeIgniter\Debug\Exceptions->errorHandler(2, 'include(): File...', '/Applications/X...', 308, Array)
#1 /Applications/XAMPP/xamppfiles/htdocs/KN-landing/vendor/codeigniter4/framework/system/Debug/Exceptions.php(308): include()
#2 /Applications/XAMPP/xamppfiles/htdocs/KN-landing/vendor/codeigniter4/framework/system/Debug/Exceptions.php(174): CodeIgniter\Debug\Exceptions->render(Object(CodeIgniter\Exceptions\PageNotFoundException), 404)
#3 [internal function]: CodeIgniter\Debug\Exceptions->exceptionHandler(Object(CodeIgniter\Exceptions\PageNotFoundException))
#4 {main}
  thrown
#0 [internal function]: CodeIgniter\Debug\Exceptions->shutdownHandler()
#1 {main}
CRITICAL - 2021-04-04 08:16:56 --> Uncaught ErrorException: include(): Filename cannot be empty in /Applications/XAMPP/xamppfiles/htdocs/KN-landing/vendor/codeigniter4/framework/system/Debug/Exceptions.php:308
Stack trace:
#0 /Applications/XAMPP/xamppfiles/htdocs/KN-landing/vendor/codeigniter4/framework/system/Debug/Exceptions.php(308): CodeIgniter\Debug\Exceptions->errorHandler(2, 'include(): File...', '/Applications/X...', 308, Array)
#1 /Applications/XAMPP/xamppfiles/htdocs/KN-landing/vendor/codeigniter4/framework/system/Debug/Exceptions.php(308): include()
#2 /Applications/XAMPP/xamppfiles/htdocs/KN-landing/vendor/codeigniter4/framework/system/Debug/Exceptions.php(174): CodeIgniter\Debug\Exceptions->render(Object(CodeIgniter\Exceptions\PageNotFoundException), 404)
#3 [internal function]: CodeIgniter\Debug\Exceptions->exceptionHandler(Object(CodeIgniter\Exceptions\PageNotFoundException))
#4 {main}
  thrown
#0 [internal function]: CodeIgniter\Debug\Exceptions->shutdownHandler()
#1 {main}
CRITICAL - 2021-04-04 08:17:28 --> Invalid file: {0}
#0 /Applications/XAMPP/xamppfiles/htdocs/KN-landing/vendor/codeigniter4/framework/system/View/View.php(228): CodeIgniter\Exceptions\FrameworkException::forInvalidFile('dekstop/profil-...')
#1 /Applications/XAMPP/xamppfiles/htdocs/KN-landing/vendor/codeigniter4/framework/system/Common.php(1119): CodeIgniter\View\View->render('dekstop/profil-...', Array, true)
#2 /Applications/XAMPP/xamppfiles/htdocs/KN-landing/app/Controllers/Home.php(17): view('dekstop/profil-...')
#3 /Applications/XAMPP/xamppfiles/htdocs/KN-landing/vendor/codeigniter4/framework/system/CodeIgniter.php(920): App\Controllers\Home->profil_sekolah()
#4 /Applications/XAMPP/xamppfiles/htdocs/KN-landing/vendor/codeigniter4/framework/system/CodeIgniter.php(406): CodeIgniter\CodeIgniter->runController(Object(App\Controllers\Home))
#5 /Applications/XAMPP/xamppfiles/htdocs/KN-landing/vendor/codeigniter4/framework/system/CodeIgniter.php(314): CodeIgniter\CodeIgniter->handleRequest(NULL, Object(Config\Cache), false)
#6 /Applications/XAMPP/xamppfiles/htdocs/KN-landing/index.php(46): CodeIgniter\CodeIgniter->run()
#7 {main}
CRITICAL - 2021-04-04 08:17:28 --> Uncaught ErrorException: include(): Filename cannot be empty in /Applications/XAMPP/xamppfiles/htdocs/KN-landing/vendor/codeigniter4/framework/system/Debug/Exceptions.php:308
Stack trace:
#0 /Applications/XAMPP/xamppfiles/htdocs/KN-landing/vendor/codeigniter4/framework/system/Debug/Exceptions.php(308): CodeIgniter\Debug\Exceptions->errorHandler(2, 'include(): File...', '/Applications/X...', 308, Array)
#1 /Applications/XAMPP/xamppfiles/htdocs/KN-landing/vendor/codeigniter4/framework/system/Debug/Exceptions.php(308): include()
#2 /Applications/XAMPP/xamppfiles/htdocs/KN-landing/vendor/codeigniter4/framework/system/Debug/Exceptions.php(174): CodeIgniter\Debug\Exceptions->render(Object(CodeIgniter\View\Exceptions\ViewException), 500)
#3 [internal function]: CodeIgniter\Debug\Exceptions->exceptionHandler(Object(CodeIgniter\View\Exceptions\ViewException))
#4 {main}
  thrown
#0 [internal function]: CodeIgniter\Debug\Exceptions->shutdownHandler()
#1 {main}
CRITICAL - 2021-04-04 21:49:53 --> Uncaught ErrorException: include(): Filename cannot be empty in /Applications/XAMPP/xamppfiles/htdocs/KN-landing/vendor/codeigniter4/framework/system/Debug/Exceptions.php:308
Stack trace:
#0 /Applications/XAMPP/xamppfiles/htdocs/KN-landing/vendor/codeigniter4/framework/system/Debug/Exceptions.php(308): CodeIgniter\Debug\Exceptions->errorHandler(2, 'include(): File...', '/Applications/X...', 308, Array)
#1 /Applications/XAMPP/xamppfiles/htdocs/KN-landing/vendor/codeigniter4/framework/system/Debug/Exceptions.php(308): include()
#2 /Applications/XAMPP/xamppfiles/htdocs/KN-landing/vendor/codeigniter4/framework/system/Debug/Exceptions.php(174): CodeIgniter\Debug\Exceptions->render(Object(CodeIgniter\Exceptions\PageNotFoundException), 404)
#3 [internal function]: CodeIgniter\Debug\Exceptions->exceptionHandler(Object(CodeIgniter\Exceptions\PageNotFoundException))
#4 {main}
  thrown
#0 [internal function]: CodeIgniter\Debug\Exceptions->shutdownHandler()
#1 {main}
