CRITICAL - 2021-02-03 03:50:04 --> count(): Parameter must be an array or an object that implements Countable
#0 /Applications/XAMPP/xamppfiles/htdocs/belanegara-frontend/app/Views/mobile/index-content.php(11): CodeIgniter\Debug\Exceptions->errorHandler(2, 'count(): Parame...', '/Applications/X...', 11, Array)
#1 /Applications/XAMPP/xamppfiles/htdocs/belanegara-frontend/vendor/codeigniter4/framework/system/View/View.php(246): include('/Applications/X...')
#2 /Applications/XAMPP/xamppfiles/htdocs/belanegara-frontend/vendor/codeigniter4/framework/system/Common.php(1119): CodeIgniter\View\View->render('mobile/index-co...', Array, true)
#3 /Applications/XAMPP/xamppfiles/htdocs/belanegara-frontend/app/Controllers/Home.php(66): view('mobile/index-co...', Array)
#4 /Applications/XAMPP/xamppfiles/htdocs/belanegara-frontend/vendor/codeigniter4/framework/system/CodeIgniter.php(920): App\Controllers\Home->index()
#5 /Applications/XAMPP/xamppfiles/htdocs/belanegara-frontend/vendor/codeigniter4/framework/system/CodeIgniter.php(406): CodeIgniter\CodeIgniter->runController(Object(App\Controllers\Home))
#6 /Applications/XAMPP/xamppfiles/htdocs/belanegara-frontend/vendor/codeigniter4/framework/system/CodeIgniter.php(314): CodeIgniter\CodeIgniter->handleRequest(NULL, Object(Config\Cache), false)
#7 /Applications/XAMPP/xamppfiles/htdocs/belanegara-frontend/index.php(46): CodeIgniter\CodeIgniter->run()
#8 {main}
CRITICAL - 2021-02-03 03:50:29 --> count(): Parameter must be an array or an object that implements Countable
#0 /Applications/XAMPP/xamppfiles/htdocs/belanegara-frontend/app/Views/mobile/index-content.php(11): CodeIgniter\Debug\Exceptions->errorHandler(2, 'count(): Parame...', '/Applications/X...', 11, Array)
#1 /Applications/XAMPP/xamppfiles/htdocs/belanegara-frontend/vendor/codeigniter4/framework/system/View/View.php(246): include('/Applications/X...')
#2 /Applications/XAMPP/xamppfiles/htdocs/belanegara-frontend/vendor/codeigniter4/framework/system/Common.php(1119): CodeIgniter\View\View->render('mobile/index-co...', Array, true)
#3 /Applications/XAMPP/xamppfiles/htdocs/belanegara-frontend/app/Controllers/Home.php(66): view('mobile/index-co...', Array)
#4 /Applications/XAMPP/xamppfiles/htdocs/belanegara-frontend/vendor/codeigniter4/framework/system/CodeIgniter.php(920): App\Controllers\Home->index()
#5 /Applications/XAMPP/xamppfiles/htdocs/belanegara-frontend/vendor/codeigniter4/framework/system/CodeIgniter.php(406): CodeIgniter\CodeIgniter->runController(Object(App\Controllers\Home))
#6 /Applications/XAMPP/xamppfiles/htdocs/belanegara-frontend/vendor/codeigniter4/framework/system/CodeIgniter.php(314): CodeIgniter\CodeIgniter->handleRequest(NULL, Object(Config\Cache), false)
#7 /Applications/XAMPP/xamppfiles/htdocs/belanegara-frontend/index.php(46): CodeIgniter\CodeIgniter->run()
#8 {main}
CRITICAL - 2021-02-03 04:52:15 --> syntax error, unexpected '-', expecting '('
#0 /Applications/XAMPP/xamppfiles/htdocs/belanegara-frontend/vendor/codeigniter4/framework/system/Autoloader/Autoloader.php(296): CodeIgniter\Autoloader\Autoloader->requireFile('/Applications/X...')
#1 /Applications/XAMPP/xamppfiles/htdocs/belanegara-frontend/vendor/codeigniter4/framework/system/Autoloader/Autoloader.php(258): CodeIgniter\Autoloader\Autoloader->loadInNamespace('App\\Controllers...')
#2 [internal function]: CodeIgniter\Autoloader\Autoloader->loadClass('App\\Controllers...')
#3 [internal function]: spl_autoload_call('App\\Controllers...')
#4 /Applications/XAMPP/xamppfiles/htdocs/belanegara-frontend/vendor/codeigniter4/framework/system/CodeIgniter.php(871): class_exists('\\App\\Controller...', true)
#5 /Applications/XAMPP/xamppfiles/htdocs/belanegara-frontend/vendor/codeigniter4/framework/system/CodeIgniter.php(396): CodeIgniter\CodeIgniter->startController()
#6 /Applications/XAMPP/xamppfiles/htdocs/belanegara-frontend/vendor/codeigniter4/framework/system/CodeIgniter.php(314): CodeIgniter\CodeIgniter->handleRequest(NULL, Object(Config\Cache), false)
#7 /Applications/XAMPP/xamppfiles/htdocs/belanegara-frontend/index.php(46): CodeIgniter\CodeIgniter->run()
#8 {main}
