CRITICAL - 2021-02-08 01:15:49 --> count(): Parameter must be an array or an object that implements Countable
#0 [internal function]: CodeIgniter\Debug\Exceptions->errorHandler(2, 'count(): Parame...', '/Applications/X...', 107, Array)
#1 /Applications/XAMPP/xamppfiles/htdocs/belanegara-frontend/app/Controllers/Master/Event.php(107): count(NULL)
#2 /Applications/XAMPP/xamppfiles/htdocs/belanegara-frontend/vendor/codeigniter4/framework/system/CodeIgniter.php(920): App\Controllers\Master\Event->getData()
#3 /Applications/XAMPP/xamppfiles/htdocs/belanegara-frontend/vendor/codeigniter4/framework/system/CodeIgniter.php(406): CodeIgniter\CodeIgniter->runController(Object(App\Controllers\Master\Event))
#4 /Applications/XAMPP/xamppfiles/htdocs/belanegara-frontend/vendor/codeigniter4/framework/system/CodeIgniter.php(314): CodeIgniter\CodeIgniter->handleRequest(NULL, Object(Config\Cache), false)
#5 /Applications/XAMPP/xamppfiles/htdocs/belanegara-frontend/index.php(46): CodeIgniter\CodeIgniter->run()
#6 {main}
CRITICAL - 2021-02-08 01:20:30 --> count(): Parameter must be an array or an object that implements Countable
#0 [internal function]: CodeIgniter\Debug\Exceptions->errorHandler(2, 'count(): Parame...', '/Applications/X...', 107, Array)
#1 /Applications/XAMPP/xamppfiles/htdocs/belanegara-frontend/app/Controllers/Master/Event.php(107): count(NULL)
#2 /Applications/XAMPP/xamppfiles/htdocs/belanegara-frontend/vendor/codeigniter4/framework/system/CodeIgniter.php(920): App\Controllers\Master\Event->getData()
#3 /Applications/XAMPP/xamppfiles/htdocs/belanegara-frontend/vendor/codeigniter4/framework/system/CodeIgniter.php(406): CodeIgniter\CodeIgniter->runController(Object(App\Controllers\Master\Event))
#4 /Applications/XAMPP/xamppfiles/htdocs/belanegara-frontend/vendor/codeigniter4/framework/system/CodeIgniter.php(314): CodeIgniter\CodeIgniter->handleRequest(NULL, Object(Config\Cache), false)
#5 /Applications/XAMPP/xamppfiles/htdocs/belanegara-frontend/index.php(46): CodeIgniter\CodeIgniter->run()
#6 {main}
CRITICAL - 2021-02-08 01:20:51 --> count(): Parameter must be an array or an object that implements Countable
#0 [internal function]: CodeIgniter\Debug\Exceptions->errorHandler(2, 'count(): Parame...', '/Applications/X...', 107, Array)
#1 /Applications/XAMPP/xamppfiles/htdocs/belanegara-frontend/app/Controllers/Master/Event.php(107): count(NULL)
#2 /Applications/XAMPP/xamppfiles/htdocs/belanegara-frontend/vendor/codeigniter4/framework/system/CodeIgniter.php(920): App\Controllers\Master\Event->getData()
#3 /Applications/XAMPP/xamppfiles/htdocs/belanegara-frontend/vendor/codeigniter4/framework/system/CodeIgniter.php(406): CodeIgniter\CodeIgniter->runController(Object(App\Controllers\Master\Event))
#4 /Applications/XAMPP/xamppfiles/htdocs/belanegara-frontend/vendor/codeigniter4/framework/system/CodeIgniter.php(314): CodeIgniter\CodeIgniter->handleRequest(NULL, Object(Config\Cache), false)
#5 /Applications/XAMPP/xamppfiles/htdocs/belanegara-frontend/index.php(46): CodeIgniter\CodeIgniter->run()
#6 {main}
CRITICAL - 2021-02-08 01:23:47 --> count(): Parameter must be an array or an object that implements Countable
#0 [internal function]: CodeIgniter\Debug\Exceptions->errorHandler(2, 'count(): Parame...', '/Applications/X...', 107, Array)
#1 /Applications/XAMPP/xamppfiles/htdocs/belanegara-frontend/app/Controllers/Master/Event.php(107): count(NULL)
#2 /Applications/XAMPP/xamppfiles/htdocs/belanegara-frontend/vendor/codeigniter4/framework/system/CodeIgniter.php(920): App\Controllers\Master\Event->getData()
#3 /Applications/XAMPP/xamppfiles/htdocs/belanegara-frontend/vendor/codeigniter4/framework/system/CodeIgniter.php(406): CodeIgniter\CodeIgniter->runController(Object(App\Controllers\Master\Event))
#4 /Applications/XAMPP/xamppfiles/htdocs/belanegara-frontend/vendor/codeigniter4/framework/system/CodeIgniter.php(314): CodeIgniter\CodeIgniter->handleRequest(NULL, Object(Config\Cache), false)
#5 /Applications/XAMPP/xamppfiles/htdocs/belanegara-frontend/index.php(46): CodeIgniter\CodeIgniter->run()
#6 {main}
